[0m[[0m[0mdebug[0m] [0m[0mRunning TaskDef(laba2.Laba2Tests, org.scalatest.tools.Framework$$anon$1@3e7a56f8, false, [SuiteSelector])[0m
[0m[[0m[0mdebug[0m] [0m[0mRunning TaskDef(laba1.Laba1Tests, org.scalatest.tools.Framework$$anon$1@3e7a56f8, false, [SuiteSelector])[0m
[0m[[0m[0mdebug[0m] [0m[0mRunning TaskDef(laba4.TypeclassesTests, org.scalatest.tools.Framework$$anon$1@3e7a56f8, false, [SuiteSelector])[0m
[0m[[0m[0mdebug[0m] [0m[0mRunning TaskDef(laba3.Laba3Tests, org.scalatest.tools.Framework$$anon$1@3e7a56f8, false, [SuiteSelector])[0m
[0m[[0m[0minfo[0m] [0m[0m[36mRun completed in 815 milliseconds.[0m[0m
[0m[[0m[0minfo[0m] [0m[0m[36mTotal number of tests run: 25[0m[0m
[0m[[0m[0minfo[0m] [0m[0m[36mSuites: completed 4, aborted 0[0m[0m
[0m[[0m[0minfo[0m] [0m[0m[36mTests: succeeded 24, failed 1, canceled 0, ignored 0, pending 0[0m[0m
[0m[[0m[0minfo[0m] [0m[0m[31m*** 1 TEST FAILED ***[0m[0m
[0m[[0m[0mdebug[0m] [0m[0mPassed tests:[0m
[0m[[0m[0mdebug[0m] [0m[0m	laba2.Laba2Tests[0m
[0m[[0m[0mdebug[0m] [0m[0m	laba4.TypeclassesTests[0m
[0m[[0m[0mdebug[0m] [0m[0m	laba1.Laba1Tests[0m
[0m[[0m[31merror[0m] [0m[0mFailed tests:[0m
[0m[[0m[31merror[0m] [0m[0m	laba3.Laba3Tests[0m
[0m[[0m[31merror[0m] [0m[0m(Test / [31mtest[0m) sbt.TestsFailedException: Tests unsuccessful[0m
